<?xml version="1.0" encoding="UTF-8"?>
<!-- Generated by org.testng.reporters.JUnitReportReporter -->
<testsuite hostname="LAPTOP-HAD1JIKB" failures="0" tests="1" name="Project_Maeven.IrctcFlightSearchAutomationCr" time="48.199" errors="0" timestamp="2022-04-09T11:21:52 IST" skipped="0">
  <testcase classname="Project_Maeven.IrctcFlightSearchAutomationCr" name="test" time="48.199"/>
  <system-out/>
</testsuite> <!-- Project_Maeven.IrctcFlightSearchAutomationCr -->
