<?xml version="1.0" encoding="UTF-8"?>
<!-- Generated by org.testng.reporters.JUnitReportReporter -->
<testsuite hostname="LAPTOP-HAD1JIKB" failures="0" tests="1" name="Project_Maeven.IrctcFlightSearchAutomationbo" time="35.874" errors="0" timestamp="2022-04-09T11:41:40 IST" skipped="0">
  <testcase classname="Project_Maeven.IrctcFlightSearchAutomationbo" name="test" time="35.874"/>
  <system-out/>
</testsuite> <!-- Project_Maeven.IrctcFlightSearchAutomationbo -->
